2024-12-10 17:13:27,028 [INFO] Activator:176 - 


2024-12-10 17:13:27,028 [INFO] Activator:177 - !SESSION log4j initialized
2024-12-10 17:13:38,131 [INFO] LogOutputStream:77 - [STDOUT_REDIRECT] 
2024-12-10 17:13:47,028 [INFO] ApplicationProperties:184 - Using Application install path: C:\ST\STM32CubeIDE_1.11.0\STM32CubeIDE\plugins\com.st.stm32cube.common.mx_6.13.0.202411220809
2024-12-10 17:13:47,078 [INFO] DbMcusXml:78 - Set database path to: C:\ST\STM32CubeIDE_1.11.0\STM32CubeIDE\plugins\com.st.stm32cube.common.mx_6.13.0.202411220809\\db\/mcu/
2024-12-10 17:13:47,078 [INFO] ApiDb:274 - Set plugin database path to: C:\ST\STM32CubeIDE_1.11.0\STM32CubeIDE\plugins\com.st.stm32cube.common.mx_6.13.0.202411220809\\db\/plugins/boardmanager/
2024-12-10 17:13:47,080 [WARN] ApiDb:259 - Overriding images path with different value:  => C:\ST\STM32CubeIDE_1.11.0\STM32CubeIDE\plugins\com.st.stm32cube.common.mx_6.13.0.202411220809\\db\/plugins/mcufinder/images/
2024-12-10 17:13:47,166 [INFO] ApiDb:250 - Set database path to: C:\Users\Lab2-Desk2\.stmcufinder\plugins\mcufinder//mcu/
2024-12-10 17:13:47,169 [INFO] DbMcusAds:125 - Set database path to: C:\Users\Lab2-Desk2\.stmcufinder\plugins\mcufinder//mcu/
2024-12-10 17:13:47,176 [INFO] CrossReferenceDbSqlite:203 - Set database path to: C:\Users\Lab2-Desk2\.stmcufinder\plugins\mcufinder//mcu/cs/
2024-12-10 17:13:47,374 [INFO] RulesReader:64 - Compatibility file has been processed (297 Rules)
2024-12-10 17:13:48,020 [INFO] DbMcusXml:78 - Set database path to: C:\ST\STM32CubeIDE_1.11.0\STM32CubeIDE\plugins\com.st.stm32cube.common.mx_6.13.0.202411220809\\db\/mcu/
2024-12-10 17:13:48,020 [INFO] ApiDb:274 - Set plugin database path to: C:\ST\STM32CubeIDE_1.11.0\STM32CubeIDE\plugins\com.st.stm32cube.common.mx_6.13.0.202411220809\\db\/plugins/boardmanager/
2024-12-10 17:13:48,020 [INFO] ApiDb:261 - Set plugin images path to: C:\ST\STM32CubeIDE_1.11.0\STM32CubeIDE\plugins\com.st.stm32cube.common.mx_6.13.0.202411220809\\db\/plugins/mcufinder/images/
2024-12-10 17:13:48,021 [WARN] DbFile:41 - Overriding database path with different value: C:\Users\Lab2-Desk2\.stmcufinder\plugins\mcufinder/ => C:\Users\Lab2-Desk2\.stmcufinder\plugins\mcufinder
2024-12-10 17:13:48,021 [INFO] ApiDb:250 - Set database path to: C:\Users\Lab2-Desk2\.stmcufinder\plugins\mcufinder//mcu/
2024-12-10 17:13:48,021 [WARN] DbFile:41 - Overriding database path with different value: C:\Users\Lab2-Desk2\.stmcufinder\plugins\mcufinder/ => C:\Users\Lab2-Desk2\.stmcufinder\plugins\mcufinder
2024-12-10 17:13:48,021 [INFO] DbMcusAds:125 - Set database path to: C:\Users\Lab2-Desk2\.stmcufinder\plugins\mcufinder//mcu/
2024-12-10 17:13:48,021 [WARN] DbFile:41 - Overriding database path with different value: C:\Users\Lab2-Desk2\.stmcufinder\plugins\mcufinder/ => C:\Users\Lab2-Desk2\.stmcufinder\plugins\mcufinder
2024-12-10 17:13:48,021 [WARN] DbFile:41 - Overriding database path with different value: C:\Users\Lab2-Desk2\.stmcufinder\plugins\mcufinder/ => C:\Users\Lab2-Desk2\.stmcufinder\plugins\mcufinder
2024-12-10 17:13:48,021 [INFO] CrossReferenceDbSqlite:203 - Set database path to: C:\Users\Lab2-Desk2\.stmcufinder\plugins\mcufinder//mcu/cs/
2024-12-10 17:13:48,203 [INFO] MainPanel:272 - HeapMemory: 268435456
2024-12-10 17:13:48,857 [INFO] DbMcusXml:78 - Set database path to: C:\ST\STM32CubeIDE_1.11.0\STM32CubeIDE\plugins\com.st.stm32cube.common.mx_6.13.0.202411220809\\db\/mcu/
2024-12-10 17:13:48,857 [INFO] ApiDb:274 - Set plugin database path to: C:\ST\STM32CubeIDE_1.11.0\STM32CubeIDE\plugins\com.st.stm32cube.common.mx_6.13.0.202411220809\\db\/plugins/boardmanager/
2024-12-10 17:13:48,857 [INFO] ApiDb:261 - Set plugin images path to: C:\ST\STM32CubeIDE_1.11.0\STM32CubeIDE\plugins\com.st.stm32cube.common.mx_6.13.0.202411220809\\db\/plugins/mcufinder/images/
2024-12-10 17:13:48,857 [WARN] DbFile:41 - Overriding database path with different value: C:\Users\Lab2-Desk2\.stmcufinder\plugins\mcufinder/ => C:\Users\Lab2-Desk2\.stmcufinder\plugins\mcufinder
2024-12-10 17:13:48,858 [INFO] ApiDb:250 - Set database path to: C:\Users\Lab2-Desk2\.stmcufinder\plugins\mcufinder//mcu/
2024-12-10 17:13:48,858 [WARN] DbFile:41 - Overriding database path with different value: C:\Users\Lab2-Desk2\.stmcufinder\plugins\mcufinder/ => C:\Users\Lab2-Desk2\.stmcufinder\plugins\mcufinder
2024-12-10 17:13:48,858 [INFO] DbMcusAds:125 - Set database path to: C:\Users\Lab2-Desk2\.stmcufinder\plugins\mcufinder//mcu/
2024-12-10 17:13:48,858 [WARN] DbFile:41 - Overriding database path with different value: C:\Users\Lab2-Desk2\.stmcufinder\plugins\mcufinder/ => C:\Users\Lab2-Desk2\.stmcufinder\plugins\mcufinder
2024-12-10 17:13:48,858 [WARN] DbFile:41 - Overriding database path with different value: C:\Users\Lab2-Desk2\.stmcufinder\plugins\mcufinder/ => C:\Users\Lab2-Desk2\.stmcufinder\plugins\mcufinder
2024-12-10 17:13:48,888 [INFO] CrossReferenceDbSqlite:203 - Set database path to: C:\Users\Lab2-Desk2\.stmcufinder\plugins\mcufinder//mcu/cs/
2024-12-10 17:13:48,924 [INFO] ApplicationProperties:184 - Using Application install path: C:\ST\STM32CubeIDE_1.11.0\STM32CubeIDE\plugins\com.st.stm32cube.common.mx_6.13.0.202411220809
2024-12-10 17:13:48,925 [INFO] PluginManage:196 - Search for loadable plugins [exclusion list=, ]
2024-12-10 17:13:48,927 [INFO] PluginManage:310 - Check plugin analytics
2024-12-10 17:13:53,875 [INFO] AnalyticsPlugin:253 - Accepted Software Licenses: 
2024-12-10 17:13:53,876 [INFO] AnalyticsPlugin:255 - Accepted CMSIS Pack Licenses: 
2024-12-10 17:13:53,876 [INFO] AnalyticsPlugin:257 - Accepted Firmware Licenses: 
2024-12-10 17:13:53,878 [INFO] PluginManage:359 - Loaded plugin analytics (category:tool,tabindex:-1)
2024-12-10 17:13:53,878 [INFO] PluginManage:310 - Check plugin cadmodel
2024-12-10 17:13:53,938 [INFO] CADModel:105 - Init CAD model plugin
2024-12-10 17:13:53,938 [INFO] PluginManage:359 - Loaded plugin cadmodel (category:power,tabindex:5)
2024-12-10 17:13:53,939 [INFO] PluginManage:310 - Check plugin clock
2024-12-10 17:13:54,048 [INFO] PluginManage:359 - Loaded plugin clock (category:base,tabindex:2)
2024-12-10 17:13:54,048 [INFO] PluginManage:310 - Check plugin ddr
2024-12-10 17:13:54,077 [INFO] PluginManage:359 - Loaded plugin ddr (category:tool,tabindex:6)
2024-12-10 17:13:54,078 [INFO] PluginManage:310 - Check plugin filemanager
2024-12-10 17:13:54,468 [INFO] PluginManage:359 - Loaded plugin filemanager (category:base,tabindex:10)
2024-12-10 17:13:54,468 [INFO] PluginManage:310 - Check plugin ipmanager
2024-12-10 17:13:54,518 [INFO] PluginManage:359 - Loaded plugin ipmanager (category:base,tabindex:5)
2024-12-10 17:13:54,519 [INFO] PluginManage:310 - Check plugin lpbam
2024-12-10 17:13:54,560 [INFO] PluginManage:359 - Loaded plugin lpbam (category:base,tabindex:0)
2024-12-10 17:13:54,560 [INFO] PluginManage:310 - Check plugin memorymap
2024-12-10 17:13:54,609 [INFO] PluginManage:359 - Loaded plugin memorymap (category:base,tabindex:4)
2024-12-10 17:13:54,609 [INFO] PluginManage:310 - Check plugin pinoutandconfiguration
2024-12-10 17:13:54,675 [INFO] PluginManage:359 - Loaded plugin pinoutandconfiguration (category:base,tabindex:1)
2024-12-10 17:13:54,675 [INFO] PluginManage:310 - Check plugin pinoutconfig
2024-12-10 17:13:54,913 [WARN] SupportedApi:132 - Cannot load RTOS API schema: s4s-elt-must-match.1: The content of 'definitions' must match (annotation?, (simpleType | complexType)?, (unique | key | keyref)*)). A problem was found starting at: attribute.
2024-12-10 17:13:55,124 [INFO] PluginManage:359 - Loaded plugin pinoutconfig (category:base,tabindex:0)
2024-12-10 17:13:55,124 [INFO] PluginManage:310 - Check plugin power
2024-12-10 17:13:55,189 [INFO] PluginManage:359 - Loaded plugin power (category:power,tabindex:4)
2024-12-10 17:13:55,190 [INFO] PluginManage:310 - Check plugin projectmanager
2024-12-10 17:13:55,227 [INFO] PluginManage:359 - Loaded plugin projectmanager (category:projectmanager,tabindex:4)
2024-12-10 17:13:55,227 [INFO] PluginManage:310 - Check plugin rif
2024-12-10 17:13:55,283 [INFO] PluginManage:359 - Loaded plugin rif (category:base,tabindex:3)
2024-12-10 17:13:55,283 [INFO] PluginManage:310 - Check plugin thirdparty
2024-12-10 17:13:55,662 [INFO] PluginManage:359 - Loaded plugin thirdparty (category:base,tabindex:-1)
2024-12-10 17:13:55,662 [WARN] IntegrityCheckThread:84 - waiting for thirdparty lock release [integrity check]
2024-12-10 17:13:55,662 [INFO] PluginManage:310 - Check plugin tools
2024-12-10 17:13:55,662 [INFO] IntegrityCheckThread:86 - entering critical section [integrity check]
2024-12-10 17:13:55,663 [INFO] ThirdPartyUpdaterWithRetryManager:70 - Updater plugin not ready yet. [1/15]
2024-12-10 17:13:55,672 [INFO] PluginManage:359 - Loaded plugin tools (category:base,tabindex:7)
2024-12-10 17:13:55,672 [INFO] PluginManage:310 - Check plugin tutovideos
2024-12-10 17:13:56,060 [INFO] PluginManage:359 - Loaded plugin tutovideos (category:base,tabindex:-1)
2024-12-10 17:13:56,060 [INFO] PluginManage:310 - Check plugin updater
2024-12-10 17:13:56,099 [INFO] PluginManage:359 - Loaded plugin updater (category:base,tabindex:12)
2024-12-10 17:13:56,099 [INFO] PluginManage:310 - Check plugin userauth
2024-12-10 17:13:56,118 [INFO] UserAuth:118 - Init User Auth plugin
2024-12-10 17:13:56,119 [INFO] PluginManage:359 - Loaded plugin userauth (category:base,tabindex:14)
2024-12-10 17:13:56,120 [INFO] PluginManage:283 - PluginManage : Loaded plugins [18]
2024-12-10 17:13:56,493 [INFO] PinOutPanel:1589 - setPackage(No Configuration,No Configuration)
2024-12-10 17:13:56,671 [INFO] CADModel:165 - CPN selected for project level
2024-12-10 17:13:56,671 [INFO] CADModel:114 - Register for checkConnection events
2024-12-10 17:13:56,724 [INFO] IPUIPlugin:80 - create IPUIPlugin
2024-12-10 17:13:56,724 [INFO] PluginManager:220 - loadIPPluginJar : add adc
2024-12-10 17:13:56,756 [INFO] IPUIPlugin:80 - create IPUIPlugin
2024-12-10 17:13:56,757 [INFO] PluginManager:220 - loadIPPluginJar : add aes
2024-12-10 17:13:56,818 [INFO] IPUIPlugin:80 - create IPUIPlugin
2024-12-10 17:13:56,818 [INFO] PluginManager:220 - loadIPPluginJar : add can
2024-12-10 17:13:56,821 [INFO] IPUIPlugin:80 - create IPUIPlugin
2024-12-10 17:13:56,821 [INFO] PluginManager:220 - loadIPPluginJar : add comp
2024-12-10 17:13:56,858 [INFO] IPUIPlugin:80 - create IPUIPlugin
2024-12-10 17:13:56,858 [INFO] PluginManager:220 - loadIPPluginJar : add cryp
2024-12-10 17:13:56,908 [INFO] IPUIPlugin:80 - create IPUIPlugin
2024-12-10 17:13:56,908 [INFO] PluginManager:220 - loadIPPluginJar : add ddr_ctrl_phy
2024-12-10 17:13:56,922 [INFO] IPUIPlugin:80 - create IPUIPlugin
2024-12-10 17:13:56,922 [INFO] PluginManager:220 - loadIPPluginJar : add dfsdm
2024-12-10 17:13:56,933 [INFO] IPUIPlugin:80 - create IPUIPlugin
2024-12-10 17:13:56,933 [INFO] PluginManager:220 - loadIPPluginJar : add dma
2024-12-10 17:13:56,947 [INFO] IPUIPlugin:80 - create IPUIPlugin
2024-12-10 17:13:56,948 [INFO] PluginManager:220 - loadIPPluginJar : add dma3
2024-12-10 17:13:56,961 [INFO] IPUIPlugin:80 - create IPUIPlugin
2024-12-10 17:13:56,961 [INFO] PluginManager:220 - loadIPPluginJar : add extmemmanager
2024-12-10 17:13:56,968 [INFO] IPUIPlugin:80 - create IPUIPlugin
2024-12-10 17:13:56,968 [INFO] PluginManager:220 - loadIPPluginJar : add fatfs
2024-12-10 17:13:56,979 [INFO] IPUIPlugin:80 - create IPUIPlugin
2024-12-10 17:13:56,979 [INFO] PluginManager:220 - loadIPPluginJar : add fmc
2024-12-10 17:13:56,994 [INFO] IPUIPlugin:80 - create IPUIPlugin
2024-12-10 17:13:56,994 [INFO] PluginManager:220 - loadIPPluginJar : add freertos
2024-12-10 17:13:56,996 [INFO] IPUIPlugin:80 - create IPUIPlugin
2024-12-10 17:13:56,996 [INFO] PluginManager:220 - loadIPPluginJar : add genericplugin
2024-12-10 17:13:57,034 [INFO] IPUIPlugin:80 - create IPUIPlugin
2024-12-10 17:13:57,035 [INFO] PluginManager:220 - loadIPPluginJar : add gfxmmu
2024-12-10 17:13:57,050 [INFO] IPUIPlugin:80 - create IPUIPlugin
2024-12-10 17:13:57,050 [INFO] PluginManager:220 - loadIPPluginJar : add gic
2024-12-10 17:13:57,065 [INFO] IPUIPlugin:80 - create IPUIPlugin
2024-12-10 17:13:57,065 [INFO] PluginManager:220 - loadIPPluginJar : add gpio
2024-12-10 17:13:57,076 [INFO] IPUIPlugin:80 - create IPUIPlugin
2024-12-10 17:13:57,076 [INFO] PluginManager:220 - loadIPPluginJar : add gtzc
2024-12-10 17:13:57,091 [INFO] IPUIPlugin:80 - create IPUIPlugin
2024-12-10 17:13:57,091 [INFO] PluginManager:220 - loadIPPluginJar : add hash
2024-12-10 17:13:57,103 [INFO] IPUIPlugin:80 - create IPUIPlugin
2024-12-10 17:13:57,103 [INFO] PluginManager:220 - loadIPPluginJar : add i2c
2024-12-10 17:13:57,113 [INFO] IPUIPlugin:80 - create IPUIPlugin
2024-12-10 17:13:57,113 [INFO] PluginManager:220 - loadIPPluginJar : add i2s
2024-12-10 17:13:57,126 [INFO] IPUIPlugin:80 - create IPUIPlugin
2024-12-10 17:13:57,126 [INFO] PluginManager:220 - loadIPPluginJar : add i3c
2024-12-10 17:13:57,140 [INFO] IPUIPlugin:80 - create IPUIPlugin
2024-12-10 17:13:57,140 [INFO] PluginManager:220 - loadIPPluginJar : add ipddr
2024-12-10 17:13:57,168 [INFO] IPUIPlugin:80 - create IPUIPlugin
2024-12-10 17:13:57,168 [INFO] PluginManager:220 - loadIPPluginJar : add linkedlist
2024-12-10 17:13:57,183 [INFO] IPUIPlugin:80 - create IPUIPlugin
2024-12-10 17:13:57,184 [INFO] PluginManager:220 - loadIPPluginJar : add lorawan
2024-12-10 17:13:57,202 [INFO] IPUIPlugin:80 - create IPUIPlugin
2024-12-10 17:13:57,202 [INFO] PluginManager:220 - loadIPPluginJar : add ltdc
2024-12-10 17:13:57,215 [INFO] IPUIPlugin:80 - create IPUIPlugin
2024-12-10 17:13:57,215 [INFO] PluginManager:220 - loadIPPluginJar : add mdma
2024-12-10 17:13:57,230 [INFO] IPUIPlugin:80 - create IPUIPlugin
2024-12-10 17:13:57,230 [INFO] PluginManager:220 - loadIPPluginJar : add nvic
2024-12-10 17:13:57,241 [INFO] IPUIPlugin:80 - create IPUIPlugin
2024-12-10 17:13:57,241 [INFO] PluginManager:220 - loadIPPluginJar : add opamp
2024-12-10 17:13:57,254 [INFO] IPUIPlugin:80 - create IPUIPlugin
2024-12-10 17:13:57,254 [INFO] PluginManager:220 - loadIPPluginJar : add openamp
2024-12-10 17:13:57,263 [INFO] IPUIPlugin:80 - create IPUIPlugin
2024-12-10 17:13:57,263 [INFO] PluginManager:220 - loadIPPluginJar : add pdm2pcm
2024-12-10 17:13:57,281 [INFO] IPUIPlugin:80 - create IPUIPlugin
2024-12-10 17:13:57,283 [INFO] PluginManager:220 - loadIPPluginJar : add plateformsettings
2024-12-10 17:13:57,294 [INFO] IPUIPlugin:80 - create IPUIPlugin
2024-12-10 17:13:57,294 [INFO] PluginManager:220 - loadIPPluginJar : add quadspi
2024-12-10 17:13:57,313 [INFO] IPUIPlugin:80 - create IPUIPlugin
2024-12-10 17:13:57,314 [INFO] PluginManager:220 - loadIPPluginJar : add radio
2024-12-10 17:13:57,351 [INFO] IPUIPlugin:80 - create IPUIPlugin
2024-12-10 17:13:57,351 [INFO] PluginManager:220 - loadIPPluginJar : add resmgrutility
2024-12-10 17:13:57,360 [INFO] IPUIPlugin:80 - create IPUIPlugin
2024-12-10 17:13:57,361 [INFO] PluginManager:220 - loadIPPluginJar : add sai
2024-12-10 17:13:57,364 [INFO] IPUIPlugin:80 - create IPUIPlugin
2024-12-10 17:13:57,364 [INFO] PluginManager:220 - loadIPPluginJar : add spi
2024-12-10 17:13:57,388 [INFO] IPUIPlugin:80 - create IPUIPlugin
2024-12-10 17:13:57,388 [INFO] PluginManager:220 - loadIPPluginJar : add stm32_wpan
2024-12-10 17:13:57,391 [INFO] IPUIPlugin:80 - create IPUIPlugin
2024-12-10 17:13:57,391 [INFO] PluginManager:220 - loadIPPluginJar : add tim
2024-12-10 17:13:57,404 [INFO] IPUIPlugin:80 - create IPUIPlugin
2024-12-10 17:13:57,405 [INFO] PluginManager:220 - loadIPPluginJar : add touchsensing
2024-12-10 17:13:57,421 [INFO] IPUIPlugin:80 - create IPUIPlugin
2024-12-10 17:13:57,421 [INFO] PluginManager:220 - loadIPPluginJar : add tracer_emb
2024-12-10 17:13:57,449 [INFO] IPUIPlugin:80 - create IPUIPlugin
2024-12-10 17:13:57,449 [INFO] PluginManager:220 - loadIPPluginJar : add ts
2024-12-10 17:13:57,457 [INFO] IPUIPlugin:80 - create IPUIPlugin
2024-12-10 17:13:57,457 [INFO] PluginManager:220 - loadIPPluginJar : add tsc
2024-12-10 17:13:57,465 [INFO] IPUIPlugin:80 - create IPUIPlugin
2024-12-10 17:13:57,465 [INFO] PluginManager:220 - loadIPPluginJar : add ucpd
2024-12-10 17:13:57,484 [INFO] IPUIPlugin:80 - create IPUIPlugin
2024-12-10 17:13:57,484 [INFO] PluginManager:220 - loadIPPluginJar : add usart
2024-12-10 17:13:57,488 [INFO] IPUIPlugin:80 - create IPUIPlugin
2024-12-10 17:13:57,488 [INFO] PluginManager:220 - loadIPPluginJar : add usbx
2024-12-10 17:13:57,669 [FATAL] Updater:351 - Updater called before beeing initialized
2024-12-10 17:13:57,711 [INFO] RulesReader:64 - Compatibility file has been processed (297 Rules)
2024-12-10 17:13:57,719 [INFO] RulesReader:64 - Compatibility file has been processed (297 Rules)
2024-12-10 17:13:57,729 [INFO] CADModel:165 - CPN selected for project level
2024-12-10 17:13:57,729 [INFO] CADModel:114 - Register for checkConnection events
2024-12-10 17:13:57,729 [FATAL] Updater:351 - Updater called before beeing initialized
2024-12-10 17:13:57,729 [ERROR] CADModel:125 - Updater not yet initialized, retry later 
2024-12-10 17:13:57,958 [FATAL] Updater:351 - Updater called before beeing initialized
2024-12-10 17:13:57,972 [INFO] CADModel:165 - CPN selected for project level
2024-12-10 17:13:57,972 [INFO] CADModel:114 - Register for checkConnection events
2024-12-10 17:13:57,973 [FATAL] Updater:351 - Updater called before beeing initialized
2024-12-10 17:13:57,973 [ERROR] CADModel:125 - Updater not yet initialized, retry later 
2024-12-10 17:13:57,975 [FATAL] Updater:351 - Updater called before beeing initialized
2024-12-10 17:13:58,202 [FATAL] Updater:351 - Updater called before beeing initialized
2024-12-10 17:13:58,226 [INFO] DbMcusAds:53 - JSON generation date=Fri Sep 20 18:34:23 IST 2024 (1726837463113)
2024-12-10 17:13:58,226 [FATAL] Updater:351 - Updater called before beeing initialized
2024-12-10 17:13:58,365 [WARN] DetailPanel:346 - Failed to get advertising image, set to default
2024-12-10 17:13:58,602 [FATAL] Updater:351 - Updater called before beeing initialized
2024-12-10 17:13:58,618 [FATAL] Updater:351 - Updater called before beeing initialized
2024-12-10 17:13:58,618 [FATAL] Updater:351 - Updater called before beeing initialized
2024-12-10 17:13:58,618 [WARN] DetailPanel:346 - Failed to get advertising image, set to default
2024-12-10 17:13:58,620 [FATAL] Updater:351 - Updater called before beeing initialized
2024-12-10 17:13:58,664 [INFO] ThirdPartyUpdaterWithRetryManager:70 - Updater plugin not ready yet. [2/15]
2024-12-10 17:13:58,692 [ERROR] Updater:1198 - MainUpdater not yet initialized. External WinMGr cannot be set.
2024-12-10 17:13:58,708 [INFO] Updater:1134 - Updater Version found : 6.13.0
2024-12-10 17:13:58,743 [INFO] ApplicationProperties:184 - Using Application install path: C:\ST\STM32CubeIDE_1.11.0\STM32CubeIDE\plugins\com.st.stm32cube.common.mx_6.13.0.202411220809
2024-12-10 17:14:00,332 [ERROR] LogOutputStream:75 - [STDERR_REDIRECT] Dec 10, 2024 5:14:00 PM java.util.prefs.WindowsPreferences <init>
2024-12-10 17:14:00,337 [ERROR] LogOutputStream:75 - [STDERR_REDIRECT] WARNING: Could not open/create prefs root node Software\JavaSoft\Prefs at root 0xffffffff80000002. Windows RegCreateKeyEx(...) returned error code 5.
2024-12-10 17:14:00,337 [ERROR] LogOutputStream:75 - [STDERR_REDIRECT] 
2024-12-10 17:14:01,036 [INFO] MainUpdater:2872 - connection check result : 10
2024-12-10 17:14:01,036 [INFO] MainUpdater:289 - Updater Check For Update Now.
2024-12-10 17:14:01,037 [INFO] MicroXplorer:498 - Change Database Version : DB.6.0.130
2024-12-10 17:14:01,050 [INFO] McuFinderGlobals:63 - Set McuFinder mode to 2 (CubeIDE integrated)
2024-12-10 17:14:01,050 [INFO] UserAuth:171 - activating auth plugin
2024-12-10 17:14:01,057 [INFO] UserAuth:486 - Internet connection configuration mode: 1
2024-12-10 17:14:01,214 [INFO] JxBrowserEngine:152 - Initiate JxBrowser Engine with user profile folder
2024-12-10 17:14:01,315 [INFO] CheckServerUpdateThread:120 - End of CheckServer Thread
2024-12-10 17:14:04,694 [WARN] PackLoader:240 - Cannot read IP mode file for STMicroelectronics.FP-SNS-MOTENVWB1.1.4.0
2024-12-10 17:14:04,759 [WARN] PackLoader:240 - Cannot read IP mode file for STMicroelectronics.FP-ATR-ASTRA1.2.0.1
2024-12-10 17:14:05,132 [WARN] PackLoader:240 - Cannot read IP mode file for STMicroelectronics.X-CUBE-SMBUS.2.1.0
2024-12-10 17:14:05,586 [WARN] PackLoader:240 - Cannot read IP mode file for STMicroelectronics.X-CUBE-WB05N.1.1.0
2024-12-10 17:14:06,670 [WARN] PackLoader:240 - Cannot read IP mode file for STMicroelectronics.X-CUBE-AZRTOS-F7.1.1.0
2024-12-10 17:14:07,096 [WARN] PackLoader:240 - Cannot read IP mode file for STMicroelectronics.X-CUBE-MEMS1.11.0.0
2024-12-10 17:14:07,352 [WARN] PackLoader:240 - Cannot read IP mode file for STMicroelectronics.FP-SNS-FLIGHT1.5.0.2
2024-12-10 17:14:07,546 [WARN] PackLoader:240 - Cannot read IP mode file for STMicroelectronics.X-CUBE-DISPLAY.3.0.0
2024-12-10 17:14:07,611 [WARN] PackLoader:240 - Cannot read IP mode file for STMicroelectronics.X-CUBE-BLE1.7.0.0
2024-12-10 17:14:07,771 [WARN] PackLoader:240 - Cannot read IP mode file for STMicroelectronics.X-CUBE-NFC10.1.0.0
2024-12-10 17:14:08,044 [WARN] PackLoader:240 - Cannot read IP mode file for STMicroelectronics.X-CUBE-BLEMGR.4.0.0
2024-12-10 17:14:08,103 [WARN] PackLoader:240 - Cannot read IP mode file for emotas.I-CUBE-CANOPEN.1.3.0
2024-12-10 17:14:08,227 [WARN] PackLoader:240 - Cannot read IP mode file for STMicroelectronics.X-CUBE-BLEMGR.3.1.0
2024-12-10 17:14:08,294 [WARN] PackLoader:240 - Cannot read IP mode file for STMicroelectronics.FP-SNS-SMARTAG2.1.2.0
2024-12-10 17:14:08,491 [INFO] LogOutputStream:77 - [STDOUT_REDIRECT] 1 : Invalid condition id : UX_CORESTACK_Condition cause : null
2024-12-10 17:14:08,492 [INFO] LogOutputStream:77 - [STDOUT_REDIRECT] 1 : Invalid condition id : UX_CORESTACK_Condition cause : null
2024-12-10 17:14:08,493 [INFO] LogOutputStream:77 - [STDOUT_REDIRECT] 1 : Invalid condition id : UX_CORESTACK_Condition cause : null
2024-12-10 17:14:08,494 [INFO] LogOutputStream:77 - [STDOUT_REDIRECT] 1 : Invalid condition id : UX_CORESTACK_Condition cause : null
2024-12-10 17:14:08,495 [INFO] LogOutputStream:77 - [STDOUT_REDIRECT] 1 : Invalid condition id : UX_CORESTACK_Condition cause : null
2024-12-10 17:14:08,496 [WARN] PackLoader:240 - Cannot read IP mode file for STMicroelectronics.X-CUBE-AZRTOS-WL.2.0.0
2024-12-10 17:14:08,576 [WARN] PackLoader:240 - Cannot read IP mode file for STMicroelectronics.FP-SNS-MOTENV1.5.0.0
2024-12-10 17:14:08,744 [WARN] PackLoader:240 - Cannot read IP mode file for wolfSSL.I-CUBE-wolfMQTT.1.19.0
2024-12-10 17:14:08,897 [WARN] PackLoader:240 - Cannot read IP mode file for WES.I-CUBE-Cesium.1.3.0
2024-12-10 17:14:08,956 [WARN] PackLoader:240 - Cannot read IP mode file for STMicroelectronics.X-CUBE-BLE2.3.3.0
2024-12-10 17:14:09,070 [WARN] PackLoader:240 - Cannot read IP mode file for STMicroelectronics.X-CUBE-NFC9.1.0.0
2024-12-10 17:14:09,128 [WARN] PackLoader:240 - Cannot read IP mode file for STMicroelectronics.X-CUBE-TCPP.4.1.0
2024-12-10 17:14:09,282 [WARN] PackLoader:240 - Cannot read IP mode file for STMicroelectronics.X-CUBE-AZRTOS-G0.1.1.0
2024-12-10 17:14:09,395 [WARN] PackLoader:240 - Cannot read IP mode file for STMicroelectronics.X-CUBE-SAFEA1.1.2.2
2024-12-10 17:14:09,546 [WARN] PackLoader:240 - Cannot read IP mode file for STMicroelectronics.X-CUBE-NFC4.3.0.0
2024-12-10 17:14:09,671 [WARN] PackLoader:240 - Cannot read IP mode file for EmbeddedOffice.I-CUBE-FS-RTOS.1.0.1
2024-12-10 17:14:09,773 [WARN] PackLoader:240 - Cannot read IP mode file for RealThread.X-CUBE-RT-Thread_Nano.4.1.1
2024-12-10 17:14:09,929 [WARN] PackLoader:240 - Cannot read IP mode file for STMicroelectronics.FP-ATR-SIGFOX1.3.2.0
2024-12-10 17:14:10,083 [WARN] PackLoader:240 - Cannot read IP mode file for wolfSSL.I-CUBE-wolfSSL.5.7.2
2024-12-10 17:14:10,186 [WARN] ConditionMgr:438 - getConditionDescription Invalid condition id : Cortex-A Device cause : null
2024-12-10 17:14:10,373 [WARN] ConditionMgr:1044 - genDependencies : Invalid condition id : Cortex-A Device cause : null
2024-12-10 17:14:10,374 [WARN] ConditionMgr:1044 - genDependencies : Invalid condition id : Cortex-A Device cause : null
2024-12-10 17:14:10,374 [WARN] ConditionMgr:1044 - genDependencies : Invalid condition id : Cortex-A Device cause : null
2024-12-10 17:14:10,454 [WARN] PackLoader:240 - Cannot read IP mode file for STMicroelectronics.X-CUBE-EEPRMA1.5.1.0
2024-12-10 17:14:10,626 [WARN] PackLoader:240 - Cannot read IP mode file for ITTIA_DB.I-CUBE-ITTIADB.8.9.0
2024-12-10 17:14:10,712 [WARN] PackLoader:240 - Cannot read IP mode file for SEGGER.I-CUBE-embOS.1.3.1
2024-12-10 17:14:10,830 [WARN] PackLoader:240 - Cannot read IP mode file for STMicroelectronics.X-CUBE-ALGOBUILD.1.4.0
2024-12-10 17:14:10,854 [WARN] PackLoader:240 - Cannot read IP mode file for STMicroelectronics.X-CUBE-AI.9.1.0
2024-12-10 17:14:10,887 [WARN] PackLoader:240 - Cannot read IP mode file for STMicroelectronics.X-CUBE-AZRTOS-F4.1.1.0
2024-12-10 17:14:10,910 [WARN] PackLoader:240 - Cannot read IP mode file for STMicroelectronics.X-CUBE-ISPU.2.1.0
2024-12-10 17:14:10,944 [WARN] PackLoader:240 - Cannot read IP mode file for STMicroelectronics.X-CUBE-FREERTOS.1.2.0
2024-12-10 17:14:10,987 [WARN] PackLoader:240 - Cannot read IP mode file for STMicroelectronics.X-CUBE-AZRTOS-L5.2.0.0
2024-12-10 17:14:11,007 [WARN] PackLoader:240 - Cannot read IP mode file for STMicroelectronics.X-CUBE-NFC6.3.1.0
2024-12-10 17:14:11,024 [WARN] PackLoader:240 - Cannot read IP mode file for STMicroelectronics.X-CUBE-DPower.1.2.0
2024-12-10 17:14:11,045 [WARN] PackLoader:240 - Cannot read IP mode file for STMicroelectronics.X-CUBE-NFC7.1.0.1
2024-12-10 17:14:11,165 [WARN] ConditionMgr:438 - getConditionDescription Invalid condition id : LAN8742 Phy interface Condition cause : null
2024-12-10 17:14:11,165 [WARN] PackLoader:240 - Cannot read IP mode file for STMicroelectronics.X-CUBE-AZRTOS-L4.2.0.0
2024-12-10 17:14:11,166 [WARN] ConditionMgr:1044 - genDependencies : Invalid condition id : LAN8742 Phy interface Condition cause : null
2024-12-10 17:14:11,166 [WARN] ConditionMgr:1044 - genDependencies : Invalid condition id : LAN8742 Phy interface Condition cause : null
2024-12-10 17:14:11,166 [WARN] ConditionMgr:1044 - genDependencies : Invalid condition id : LAN8742 Phy interface Condition cause : null
2024-12-10 17:14:11,188 [WARN] PackLoader:240 - Cannot read IP mode file for STMicroelectronics.X-CUBE-SFXS2LP1.4.0.0
2024-12-10 17:14:11,281 [WARN] PackLoader:240 - Cannot read IP mode file for STMicroelectronics.X-CUBE-AZRTOS-H7.3.3.0
2024-12-10 17:14:11,438 [WARN] PackLoader:240 - Cannot read IP mode file for STMicroelectronics.X-CUBE-IPS.3.0.0
2024-12-10 17:14:11,455 [INFO] WebApp:168 - Instantiating new browser for Auth
2024-12-10 17:14:11,467 [WARN] ConditionMgr:438 - getConditionDescription Invalid condition id : UX DEVICE CLASS RTOS Condition cause : null
2024-12-10 17:14:11,470 [WARN] ConditionMgr:438 - getConditionDescription Invalid condition id : UX DEVICE CLASS RTOS Condition cause : null
2024-12-10 17:14:11,472 [WARN] PackLoader:240 - Cannot read IP mode file for STMicroelectronics.X-CUBE-AZRTOS-WB.2.0.0
2024-12-10 17:14:11,472 [WARN] ConditionMgr:1044 - genDependencies : Invalid condition id : UX DEVICE CLASS RTOS Condition cause : null
2024-12-10 17:14:11,472 [WARN] ConditionMgr:1044 - genDependencies : Invalid condition id : UX DEVICE CLASS RTOS Condition cause : null
2024-12-10 17:14:11,473 [WARN] ConditionMgr:1044 - genDependencies : Invalid condition id : UX DEVICE CLASS RTOS Condition cause : null
2024-12-10 17:14:11,473 [WARN] ConditionMgr:1044 - genDependencies : Invalid condition id : UX DEVICE CLASS RTOS Condition cause : null
2024-12-10 17:14:11,473 [WARN] ConditionMgr:1044 - genDependencies : Invalid condition id : UX DEVICE CLASS RTOS Condition cause : null
2024-12-10 17:14:11,558 [WARN] PackLoader:240 - Cannot read IP mode file for STMicroelectronics.X-CUBE-GNSS1.7.0.0
2024-12-10 17:14:11,648 [WARN] PackLoader:240 - Cannot read IP mode file for STMicroelectronics.FP-SNS-STBOX1.2.0.0
2024-12-10 17:14:11,780 [WARN] PackLoader:240 - Cannot read IP mode file for STMicroelectronics.X-CUBE-SUBG2.5.0.0
2024-12-10 17:14:11,915 [WARN] PackLoader:240 - Cannot read IP mode file for Cesanta.I-CUBE-Mongoose.7.13.0
2024-12-10 17:14:12,410 [WARN] PackLoader:240 - Cannot read IP mode file for STMicroelectronics.X-CUBE-AZRTOS-G4.2.0.0
2024-12-10 17:14:12,505 [WARN] PackLoader:240 - Cannot read IP mode file for STMicroelectronics.X-CUBE-ALS.1.0.2
2024-12-10 17:14:12,931 [WARN] PackLoader:240 - Cannot read IP mode file for STMicroelectronics.X-CUBE-TOUCHGFX.4.24.1
2024-12-10 17:14:13,281 [WARN] PackLoader:240 - Cannot read IP mode file for wolfSSL.I-CUBE-wolfTPM.3.4.0
2024-12-10 17:14:13,608 [WARN] PackLoader:240 - Cannot read IP mode file for portGmbH.I-Cube-SoM-uGOAL.1.1.0
2024-12-10 17:14:13,822 [WARN] PackLoader:240 - Cannot read IP mode file for STMicroelectronics.X-CUBE-AZRTOS-H7RS.1.0.0
2024-12-10 17:14:13,953 [WARN] PackLoader:240 - Cannot read IP mode file for STMicroelectronics.FP-ATR-ASTRA1.2.0.0
2024-12-10 17:14:14,218 [WARN] PackLoader:240 - Cannot read IP mode file for STMicroelectronics.X-CUBE-TOF1.3.4.2
2024-12-10 17:14:14,549 [WARN] PackLoader:240 - Cannot read IP mode file for Infineon.AIROC-Wi-Fi-Bluetooth-STM32.1.6.1
2024-12-10 17:14:14,637 [WARN] PackLoader:240 - Cannot read IP mode file for wolfSSL.I-CUBE-wolfSSH.1.4.17
2024-12-10 17:14:14,638 [INFO] ThirdParty:978 - Integrity check success = true
2024-12-10 17:14:14,638 [INFO] IntegrityCheckThread:100 - exiting critical section [integrity check]
2024-12-10 17:14:14,638 [INFO] IntegrityCheckThread:103 - End integrity checks thread
2024-12-10 17:14:19,068 [INFO] WebApp:449 - Apply proxy settings
2024-12-10 17:14:19,068 [INFO] WebApp:534 - Chromium requires no authentication
2024-12-10 17:14:19,590 [INFO] WebApp:477 - Direct internet connection detected
2024-12-10 17:14:20,546 [INFO] WebApp:880 - Register for checkConnection events
2024-12-10 17:14:20,546 [INFO] WebApp:449 - Apply proxy settings
2024-12-10 17:14:20,546 [INFO] WebApp:534 - Chromium requires no authentication
2024-12-10 17:14:20,547 [INFO] WebApp:477 - Direct internet connection detected
2024-12-10 17:14:22,671 [INFO] WebApp:187 - Connection restablished
2024-12-10 17:14:26,555 [INFO] WebApp:221 - Starting web application
2024-12-10 17:14:26,555 [INFO] WebApp:579 - Web application path used C:\ST\STM32CubeIDE_1.11.0\STM32CubeIDE\plugins\com.st.stm32cube.common.mx_6.13.0.202411220809\db\plugins\mcufinder\reactClient1\index.html
2024-12-10 17:15:51,435 [ERROR] LogOutputStream:75 - [STDERR_REDIRECT] 
2024-12-10 17:16:02,083 [INFO] Activator:176 - 


2024-12-10 17:16:02,083 [INFO] Activator:177 - !SESSION log4j initialized
2024-12-10 17:16:05,810 [INFO] LogOutputStream:77 - [STDOUT_REDIRECT] 
2024-12-10 17:16:11,037 [INFO] ApplicationProperties:184 - Using Application install path: C:\ST\STM32CubeIDE_1.11.0\STM32CubeIDE\plugins\com.st.stm32cube.common.mx_6.13.0.202411220809
2024-12-10 17:16:11,050 [INFO] DbMcusXml:78 - Set database path to: C:\ST\STM32CubeIDE_1.11.0\STM32CubeIDE\plugins\com.st.stm32cube.common.mx_6.13.0.202411220809\\db\/mcu/
2024-12-10 17:16:11,051 [INFO] ApiDb:274 - Set plugin database path to: C:\ST\STM32CubeIDE_1.11.0\STM32CubeIDE\plugins\com.st.stm32cube.common.mx_6.13.0.202411220809\\db\/plugins/boardmanager/
2024-12-10 17:16:11,051 [WARN] ApiDb:259 - Overriding images path with different value:  => C:\ST\STM32CubeIDE_1.11.0\STM32CubeIDE\plugins\com.st.stm32cube.common.mx_6.13.0.202411220809\\db\/plugins/mcufinder/images/
2024-12-10 17:16:11,054 [INFO] ApiDb:250 - Set database path to: C:\Users\Lab2-Desk2\.stmcufinder\plugins\mcufinder//mcu/
2024-12-10 17:16:11,054 [INFO] DbMcusAds:125 - Set database path to: C:\Users\Lab2-Desk2\.stmcufinder\plugins\mcufinder//mcu/
2024-12-10 17:16:11,054 [INFO] CrossReferenceDbSqlite:203 - Set database path to: C:\Users\Lab2-Desk2\.stmcufinder\plugins\mcufinder//mcu/cs/
2024-12-10 17:16:11,132 [INFO] RulesReader:64 - Compatibility file has been processed (297 Rules)
2024-12-10 17:16:11,194 [INFO] DbMcusXml:78 - Set database path to: C:\ST\STM32CubeIDE_1.11.0\STM32CubeIDE\plugins\com.st.stm32cube.common.mx_6.13.0.202411220809\\db\/mcu/
2024-12-10 17:16:11,194 [INFO] ApiDb:274 - Set plugin database path to: C:\ST\STM32CubeIDE_1.11.0\STM32CubeIDE\plugins\com.st.stm32cube.common.mx_6.13.0.202411220809\\db\/plugins/boardmanager/
2024-12-10 17:16:11,194 [INFO] ApiDb:261 - Set plugin images path to: C:\ST\STM32CubeIDE_1.11.0\STM32CubeIDE\plugins\com.st.stm32cube.common.mx_6.13.0.202411220809\\db\/plugins/mcufinder/images/
2024-12-10 17:16:11,194 [WARN] DbFile:41 - Overriding database path with different value: C:\Users\Lab2-Desk2\.stmcufinder\plugins\mcufinder/ => C:\Users\Lab2-Desk2\.stmcufinder\plugins\mcufinder
2024-12-10 17:16:11,194 [INFO] ApiDb:250 - Set database path to: C:\Users\Lab2-Desk2\.stmcufinder\plugins\mcufinder//mcu/
2024-12-10 17:16:11,194 [WARN] DbFile:41 - Overriding database path with different value: C:\Users\Lab2-Desk2\.stmcufinder\plugins\mcufinder/ => C:\Users\Lab2-Desk2\.stmcufinder\plugins\mcufinder
2024-12-10 17:16:11,194 [INFO] DbMcusAds:125 - Set database path to: C:\Users\Lab2-Desk2\.stmcufinder\plugins\mcufinder//mcu/
2024-12-10 17:16:11,194 [WARN] DbFile:41 - Overriding database path with different value: C:\Users\Lab2-Desk2\.stmcufinder\plugins\mcufinder/ => C:\Users\Lab2-Desk2\.stmcufinder\plugins\mcufinder
2024-12-10 17:16:11,194 [WARN] DbFile:41 - Overriding database path with different value: C:\Users\Lab2-Desk2\.stmcufinder\plugins\mcufinder/ => C:\Users\Lab2-Desk2\.stmcufinder\plugins\mcufinder
2024-12-10 17:16:11,194 [INFO] CrossReferenceDbSqlite:203 - Set database path to: C:\Users\Lab2-Desk2\.stmcufinder\plugins\mcufinder//mcu/cs/
2024-12-10 17:16:11,288 [INFO] MainPanel:272 - HeapMemory: 268435456
2024-12-10 17:16:11,343 [INFO] DbMcusXml:78 - Set database path to: C:\ST\STM32CubeIDE_1.11.0\STM32CubeIDE\plugins\com.st.stm32cube.common.mx_6.13.0.202411220809\\db\/mcu/
2024-12-10 17:16:11,343 [INFO] ApiDb:274 - Set plugin database path to: C:\ST\STM32CubeIDE_1.11.0\STM32CubeIDE\plugins\com.st.stm32cube.common.mx_6.13.0.202411220809\\db\/plugins/boardmanager/
2024-12-10 17:16:11,343 [INFO] ApiDb:261 - Set plugin images path to: C:\ST\STM32CubeIDE_1.11.0\STM32CubeIDE\plugins\com.st.stm32cube.common.mx_6.13.0.202411220809\\db\/plugins/mcufinder/images/
2024-12-10 17:16:11,343 [WARN] DbFile:41 - Overriding database path with different value: C:\Users\Lab2-Desk2\.stmcufinder\plugins\mcufinder/ => C:\Users\Lab2-Desk2\.stmcufinder\plugins\mcufinder
2024-12-10 17:16:11,343 [INFO] ApiDb:250 - Set database path to: C:\Users\Lab2-Desk2\.stmcufinder\plugins\mcufinder//mcu/
2024-12-10 17:16:11,343 [WARN] DbFile:41 - Overriding database path with different value: C:\Users\Lab2-Desk2\.stmcufinder\plugins\mcufinder/ => C:\Users\Lab2-Desk2\.stmcufinder\plugins\mcufinder
2024-12-10 17:16:11,343 [INFO] DbMcusAds:125 - Set database path to: C:\Users\Lab2-Desk2\.stmcufinder\plugins\mcufinder//mcu/
2024-12-10 17:16:11,343 [WARN] DbFile:41 - Overriding database path with different value: C:\Users\Lab2-Desk2\.stmcufinder\plugins\mcufinder/ => C:\Users\Lab2-Desk2\.stmcufinder\plugins\mcufinder
2024-12-10 17:16:11,343 [WARN] DbFile:41 - Overriding database path with different value: C:\Users\Lab2-Desk2\.stmcufinder\plugins\mcufinder/ => C:\Users\Lab2-Desk2\.stmcufinder\plugins\mcufinder
2024-12-10 17:16:11,343 [INFO] CrossReferenceDbSqlite:203 - Set database path to: C:\Users\Lab2-Desk2\.stmcufinder\plugins\mcufinder//mcu/cs/
2024-12-10 17:16:11,359 [INFO] ApplicationProperties:184 - Using Application install path: C:\ST\STM32CubeIDE_1.11.0\STM32CubeIDE\plugins\com.st.stm32cube.common.mx_6.13.0.202411220809
2024-12-10 17:16:11,359 [INFO] PluginManage:196 - Search for loadable plugins [exclusion list=, ]
2024-12-10 17:16:11,359 [INFO] PluginManage:310 - Check plugin analytics
2024-12-10 17:16:16,023 [INFO] AnalyticsPlugin:253 - Accepted Software Licenses: 
2024-12-10 17:16:16,023 [INFO] AnalyticsPlugin:255 - Accepted CMSIS Pack Licenses: 
2024-12-10 17:16:16,023 [INFO] AnalyticsPlugin:257 - Accepted Firmware Licenses: 
2024-12-10 17:16:16,039 [INFO] PluginManage:359 - Loaded plugin analytics (category:tool,tabindex:-1)
2024-12-10 17:16:16,039 [INFO] PluginManage:310 - Check plugin cadmodel
2024-12-10 17:16:16,039 [INFO] CADModel:105 - Init CAD model plugin
2024-12-10 17:16:16,039 [INFO] PluginManage:359 - Loaded plugin cadmodel (category:power,tabindex:5)
2024-12-10 17:16:16,039 [INFO] PluginManage:310 - Check plugin clock
2024-12-10 17:16:16,054 [INFO] PluginManage:359 - Loaded plugin clock (category:base,tabindex:2)
2024-12-10 17:16:16,054 [INFO] PluginManage:310 - Check plugin ddr
2024-12-10 17:16:16,054 [INFO] PluginManage:359 - Loaded plugin ddr (category:tool,tabindex:6)
2024-12-10 17:16:16,054 [INFO] PluginManage:310 - Check plugin filemanager
2024-12-10 17:16:16,242 [INFO] PluginManage:359 - Loaded plugin filemanager (category:base,tabindex:10)
2024-12-10 17:16:16,242 [INFO] PluginManage:310 - Check plugin ipmanager
2024-12-10 17:16:16,242 [INFO] PluginManage:359 - Loaded plugin ipmanager (category:base,tabindex:5)
2024-12-10 17:16:16,242 [INFO] PluginManage:310 - Check plugin lpbam
2024-12-10 17:16:16,242 [INFO] PluginManage:359 - Loaded plugin lpbam (category:base,tabindex:0)
2024-12-10 17:16:16,257 [INFO] PluginManage:310 - Check plugin memorymap
2024-12-10 17:16:16,257 [INFO] PluginManage:359 - Loaded plugin memorymap (category:base,tabindex:4)
2024-12-10 17:16:16,257 [INFO] PluginManage:310 - Check plugin pinoutandconfiguration
2024-12-10 17:16:16,273 [INFO] PluginManage:359 - Loaded plugin pinoutandconfiguration (category:base,tabindex:1)
2024-12-10 17:16:16,273 [INFO] PluginManage:310 - Check plugin pinoutconfig
2024-12-10 17:16:16,335 [WARN] SupportedApi:132 - Cannot load RTOS API schema: s4s-elt-must-match.1: The content of 'definitions' must match (annotation?, (simpleType | complexType)?, (unique | key | keyref)*)). A problem was found starting at: attribute.
2024-12-10 17:16:16,449 [INFO] PluginManage:359 - Loaded plugin pinoutconfig (category:base,tabindex:0)
2024-12-10 17:16:16,449 [INFO] PluginManage:310 - Check plugin power
2024-12-10 17:16:16,465 [INFO] PluginManage:359 - Loaded plugin power (category:power,tabindex:4)
2024-12-10 17:16:16,465 [INFO] PluginManage:310 - Check plugin projectmanager
2024-12-10 17:16:16,480 [INFO] PluginManage:359 - Loaded plugin projectmanager (category:projectmanager,tabindex:4)
2024-12-10 17:16:16,480 [INFO] PluginManage:310 - Check plugin rif
2024-12-10 17:16:16,480 [INFO] PluginManage:359 - Loaded plugin rif (category:base,tabindex:3)
2024-12-10 17:16:16,480 [INFO] PluginManage:310 - Check plugin thirdparty
2024-12-10 17:16:16,589 [WARN] IntegrityCheckThread:84 - waiting for thirdparty lock release [integrity check]
2024-12-10 17:16:16,589 [INFO] IntegrityCheckThread:86 - entering critical section [integrity check]
2024-12-10 17:16:16,589 [INFO] ThirdPartyUpdaterWithRetryManager:70 - Updater plugin not ready yet. [1/15]
2024-12-10 17:16:16,589 [INFO] PluginManage:359 - Loaded plugin thirdparty (category:base,tabindex:-1)
2024-12-10 17:16:16,604 [INFO] PluginManage:310 - Check plugin tools
2024-12-10 17:16:16,604 [INFO] PluginManage:359 - Loaded plugin tools (category:base,tabindex:7)
2024-12-10 17:16:16,604 [INFO] PluginManage:310 - Check plugin tutovideos
2024-12-10 17:16:16,729 [INFO] PluginManage:359 - Loaded plugin tutovideos (category:base,tabindex:-1)
2024-12-10 17:16:16,729 [INFO] PluginManage:310 - Check plugin updater
2024-12-10 17:16:16,760 [INFO] PluginManage:359 - Loaded plugin updater (category:base,tabindex:12)
2024-12-10 17:16:16,760 [INFO] PluginManage:310 - Check plugin userauth
2024-12-10 17:16:16,760 [INFO] UserAuth:118 - Init User Auth plugin
2024-12-10 17:16:16,760 [INFO] PluginManage:359 - Loaded plugin userauth (category:base,tabindex:14)
2024-12-10 17:16:16,760 [INFO] PluginManage:283 - PluginManage : Loaded plugins [18]
2024-12-10 17:16:16,947 [INFO] PinOutPanel:1589 - setPackage(No Configuration,No Configuration)
2024-12-10 17:16:17,026 [INFO] CADModel:165 - CPN selected for project level
2024-12-10 17:16:17,026 [INFO] CADModel:114 - Register for checkConnection events
2024-12-10 17:16:17,041 [INFO] IPUIPlugin:80 - create IPUIPlugin
2024-12-10 17:16:17,041 [INFO] PluginManager:220 - loadIPPluginJar : add adc
2024-12-10 17:16:17,041 [INFO] IPUIPlugin:80 - create IPUIPlugin
2024-12-10 17:16:17,041 [INFO] PluginManager:220 - loadIPPluginJar : add aes
2024-12-10 17:16:17,041 [INFO] IPUIPlugin:80 - create IPUIPlugin
2024-12-10 17:16:17,041 [INFO] PluginManager:220 - loadIPPluginJar : add can
2024-12-10 17:16:17,041 [INFO] IPUIPlugin:80 - create IPUIPlugin
2024-12-10 17:16:17,041 [INFO] PluginManager:220 - loadIPPluginJar : add comp
2024-12-10 17:16:17,057 [INFO] IPUIPlugin:80 - create IPUIPlugin
2024-12-10 17:16:17,057 [INFO] PluginManager:220 - loadIPPluginJar : add cryp
2024-12-10 17:16:17,057 [INFO] IPUIPlugin:80 - create IPUIPlugin
2024-12-10 17:16:17,057 [INFO] PluginManager:220 - loadIPPluginJar : add ddr_ctrl_phy
2024-12-10 17:16:17,057 [INFO] IPUIPlugin:80 - create IPUIPlugin
2024-12-10 17:16:17,057 [INFO] PluginManager:220 - loadIPPluginJar : add dfsdm
2024-12-10 17:16:17,057 [INFO] IPUIPlugin:80 - create IPUIPlugin
2024-12-10 17:16:17,057 [INFO] PluginManager:220 - loadIPPluginJar : add dma
2024-12-10 17:16:17,057 [INFO] IPUIPlugin:80 - create IPUIPlugin
2024-12-10 17:16:17,057 [INFO] PluginManager:220 - loadIPPluginJar : add dma3
2024-12-10 17:16:17,057 [INFO] IPUIPlugin:80 - create IPUIPlugin
2024-12-10 17:16:17,057 [INFO] PluginManager:220 - loadIPPluginJar : add extmemmanager
2024-12-10 17:16:17,072 [INFO] IPUIPlugin:80 - create IPUIPlugin
2024-12-10 17:16:17,072 [INFO] PluginManager:220 - loadIPPluginJar : add fatfs
2024-12-10 17:16:17,072 [INFO] IPUIPlugin:80 - create IPUIPlugin
2024-12-10 17:16:17,072 [INFO] PluginManager:220 - loadIPPluginJar : add fmc
2024-12-10 17:16:17,072 [INFO] IPUIPlugin:80 - create IPUIPlugin
2024-12-10 17:16:17,072 [INFO] PluginManager:220 - loadIPPluginJar : add freertos
2024-12-10 17:16:17,072 [INFO] IPUIPlugin:80 - create IPUIPlugin
2024-12-10 17:16:17,072 [INFO] PluginManager:220 - loadIPPluginJar : add genericplugin
2024-12-10 17:16:17,072 [INFO] IPUIPlugin:80 - create IPUIPlugin
2024-12-10 17:16:17,072 [INFO] PluginManager:220 - loadIPPluginJar : add gfxmmu
2024-12-10 17:16:17,089 [INFO] IPUIPlugin:80 - create IPUIPlugin
2024-12-10 17:16:17,089 [INFO] PluginManager:220 - loadIPPluginJar : add gic
2024-12-10 17:16:17,089 [INFO] IPUIPlugin:80 - create IPUIPlugin
2024-12-10 17:16:17,089 [INFO] PluginManager:220 - loadIPPluginJar : add gpio
2024-12-10 17:16:17,089 [INFO] IPUIPlugin:80 - create IPUIPlugin
2024-12-10 17:16:17,089 [INFO] PluginManager:220 - loadIPPluginJar : add gtzc
2024-12-10 17:16:17,089 [INFO] IPUIPlugin:80 - create IPUIPlugin
2024-12-10 17:16:17,089 [INFO] PluginManager:220 - loadIPPluginJar : add hash
2024-12-10 17:16:17,089 [INFO] IPUIPlugin:80 - create IPUIPlugin
2024-12-10 17:16:17,089 [INFO] PluginManager:220 - loadIPPluginJar : add i2c
2024-12-10 17:16:17,089 [INFO] IPUIPlugin:80 - create IPUIPlugin
2024-12-10 17:16:17,089 [INFO] PluginManager:220 - loadIPPluginJar : add i2s
2024-12-10 17:16:17,105 [INFO] IPUIPlugin:80 - create IPUIPlugin
2024-12-10 17:16:17,105 [INFO] PluginManager:220 - loadIPPluginJar : add i3c
2024-12-10 17:16:17,105 [INFO] IPUIPlugin:80 - create IPUIPlugin
2024-12-10 17:16:17,105 [INFO] PluginManager:220 - loadIPPluginJar : add ipddr
2024-12-10 17:16:17,105 [INFO] IPUIPlugin:80 - create IPUIPlugin
2024-12-10 17:16:17,105 [INFO] PluginManager:220 - loadIPPluginJar : add linkedlist
2024-12-10 17:16:17,105 [INFO] IPUIPlugin:80 - create IPUIPlugin
2024-12-10 17:16:17,105 [INFO] PluginManager:220 - loadIPPluginJar : add lorawan
2024-12-10 17:16:17,105 [INFO] IPUIPlugin:80 - create IPUIPlugin
2024-12-10 17:16:17,105 [INFO] PluginManager:220 - loadIPPluginJar : add ltdc
2024-12-10 17:16:17,120 [INFO] IPUIPlugin:80 - create IPUIPlugin
2024-12-10 17:16:17,120 [INFO] PluginManager:220 - loadIPPluginJar : add mdma
2024-12-10 17:16:17,120 [INFO] IPUIPlugin:80 - create IPUIPlugin
2024-12-10 17:16:17,120 [INFO] PluginManager:220 - loadIPPluginJar : add nvic
2024-12-10 17:16:17,120 [INFO] IPUIPlugin:80 - create IPUIPlugin
2024-12-10 17:16:17,120 [INFO] PluginManager:220 - loadIPPluginJar : add opamp
2024-12-10 17:16:17,120 [INFO] IPUIPlugin:80 - create IPUIPlugin
2024-12-10 17:16:17,120 [INFO] PluginManager:220 - loadIPPluginJar : add openamp
2024-12-10 17:16:17,120 [INFO] IPUIPlugin:80 - create IPUIPlugin
2024-12-10 17:16:17,120 [INFO] PluginManager:220 - loadIPPluginJar : add pdm2pcm
2024-12-10 17:16:17,136 [INFO] IPUIPlugin:80 - create IPUIPlugin
2024-12-10 17:16:17,136 [INFO] PluginManager:220 - loadIPPluginJar : add plateformsettings
2024-12-10 17:16:17,136 [INFO] IPUIPlugin:80 - create IPUIPlugin
2024-12-10 17:16:17,136 [INFO] PluginManager:220 - loadIPPluginJar : add quadspi
2024-12-10 17:16:17,136 [INFO] IPUIPlugin:80 - create IPUIPlugin
2024-12-10 17:16:17,136 [INFO] PluginManager:220 - loadIPPluginJar : add radio
2024-12-10 17:16:17,136 [INFO] IPUIPlugin:80 - create IPUIPlugin
2024-12-10 17:16:17,136 [INFO] PluginManager:220 - loadIPPluginJar : add resmgrutility
2024-12-10 17:16:17,136 [INFO] IPUIPlugin:80 - create IPUIPlugin
2024-12-10 17:16:17,136 [INFO] PluginManager:220 - loadIPPluginJar : add sai
2024-12-10 17:16:17,152 [INFO] IPUIPlugin:80 - create IPUIPlugin
2024-12-10 17:16:17,152 [INFO] PluginManager:220 - loadIPPluginJar : add spi
2024-12-10 17:16:17,152 [INFO] IPUIPlugin:80 - create IPUIPlugin
2024-12-10 17:16:17,152 [INFO] PluginManager:220 - loadIPPluginJar : add stm32_wpan
2024-12-10 17:16:17,152 [INFO] IPUIPlugin:80 - create IPUIPlugin
2024-12-10 17:16:17,152 [INFO] PluginManager:220 - loadIPPluginJar : add tim
2024-12-10 17:16:17,152 [INFO] IPUIPlugin:80 - create IPUIPlugin
2024-12-10 17:16:17,152 [INFO] PluginManager:220 - loadIPPluginJar : add touchsensing
2024-12-10 17:16:17,152 [INFO] IPUIPlugin:80 - create IPUIPlugin
2024-12-10 17:16:17,152 [INFO] PluginManager:220 - loadIPPluginJar : add tracer_emb
2024-12-10 17:16:17,152 [INFO] IPUIPlugin:80 - create IPUIPlugin
2024-12-10 17:16:17,152 [INFO] PluginManager:220 - loadIPPluginJar : add ts
2024-12-10 17:16:17,167 [INFO] IPUIPlugin:80 - create IPUIPlugin
2024-12-10 17:16:17,167 [INFO] PluginManager:220 - loadIPPluginJar : add tsc
2024-12-10 17:16:17,167 [INFO] IPUIPlugin:80 - create IPUIPlugin
2024-12-10 17:16:17,167 [INFO] PluginManager:220 - loadIPPluginJar : add ucpd
2024-12-10 17:16:17,167 [INFO] IPUIPlugin:80 - create IPUIPlugin
2024-12-10 17:16:17,167 [INFO] PluginManager:220 - loadIPPluginJar : add usart
2024-12-10 17:16:17,167 [INFO] IPUIPlugin:80 - create IPUIPlugin
2024-12-10 17:16:17,167 [INFO] PluginManager:220 - loadIPPluginJar : add usbx
2024-12-10 17:16:17,304 [FATAL] Updater:351 - Updater called before beeing initialized
2024-12-10 17:16:17,319 [INFO] RulesReader:64 - Compatibility file has been processed (297 Rules)
2024-12-10 17:16:17,319 [INFO] RulesReader:64 - Compatibility file has been processed (297 Rules)
2024-12-10 17:16:17,339 [INFO] CADModel:165 - CPN selected for project level
2024-12-10 17:16:17,339 [INFO] CADModel:114 - Register for checkConnection events
2024-12-10 17:16:17,339 [FATAL] Updater:351 - Updater called before beeing initialized
2024-12-10 17:16:17,339 [ERROR] CADModel:125 - Updater not yet initialized, retry later 
2024-12-10 17:16:17,444 [FATAL] Updater:351 - Updater called before beeing initialized
2024-12-10 17:16:17,447 [INFO] CADModel:165 - CPN selected for project level
2024-12-10 17:16:17,447 [INFO] CADModel:114 - Register for checkConnection events
2024-12-10 17:16:17,447 [FATAL] Updater:351 - Updater called before beeing initialized
2024-12-10 17:16:17,447 [ERROR] CADModel:125 - Updater not yet initialized, retry later 
2024-12-10 17:16:17,447 [FATAL] Updater:351 - Updater called before beeing initialized
2024-12-10 17:16:17,573 [FATAL] Updater:351 - Updater called before beeing initialized
2024-12-10 17:16:17,573 [INFO] DbMcusAds:53 - JSON generation date=Fri Sep 20 18:34:23 IST 2024 (1726837463113)
2024-12-10 17:16:17,573 [FATAL] Updater:351 - Updater called before beeing initialized
2024-12-10 17:16:17,604 [WARN] DetailPanel:346 - Failed to get advertising image, set to default
2024-12-10 17:16:17,854 [FATAL] Updater:351 - Updater called before beeing initialized
2024-12-10 17:16:17,854 [FATAL] Updater:351 - Updater called before beeing initialized
2024-12-10 17:16:17,854 [FATAL] Updater:351 - Updater called before beeing initialized
2024-12-10 17:16:17,854 [WARN] DetailPanel:346 - Failed to get advertising image, set to default
2024-12-10 17:16:17,854 [FATAL] Updater:351 - Updater called before beeing initialized
2024-12-10 17:16:17,893 [ERROR] Updater:1198 - MainUpdater not yet initialized. External WinMGr cannot be set.
2024-12-10 17:16:17,893 [INFO] Updater:1134 - Updater Version found : 6.13.0
2024-12-10 17:16:17,909 [INFO] ApplicationProperties:184 - Using Application install path: C:\ST\STM32CubeIDE_1.11.0\STM32CubeIDE\plugins\com.st.stm32cube.common.mx_6.13.0.202411220809
2024-12-10 17:16:19,519 [ERROR] LogOutputStream:75 - [STDERR_REDIRECT] Dec 10, 2024 5:16:19 PM java.util.prefs.WindowsPreferences <init>
2024-12-10 17:16:19,519 [ERROR] LogOutputStream:75 - [STDERR_REDIRECT] WARNING: Could not open/create prefs root node Software\JavaSoft\Prefs at root 0xffffffff80000002. Windows RegCreateKeyEx(...) returned error code 5.
2024-12-10 17:16:19,519 [ERROR] LogOutputStream:75 - [STDERR_REDIRECT] 
2024-12-10 17:16:19,613 [INFO] ThirdPartyUpdaterWithRetryManager:70 - Updater plugin not ready yet. [2/15]
2024-12-10 17:16:19,863 [INFO] MainUpdater:2872 - connection check result : 10
2024-12-10 17:16:19,863 [INFO] MainUpdater:289 - Updater Check For Update Now.
2024-12-10 17:16:19,863 [INFO] MicroXplorer:498 - Change Database Version : DB.6.0.130
2024-12-10 17:16:19,863 [INFO] McuFinderGlobals:63 - Set McuFinder mode to 2 (CubeIDE integrated)
2024-12-10 17:16:19,863 [INFO] UserAuth:171 - activating auth plugin
2024-12-10 17:16:19,875 [INFO] UserAuth:486 - Internet connection configuration mode: 1
2024-12-10 17:16:19,881 [INFO] JxBrowserEngine:152 - Initiate JxBrowser Engine with user profile folder
2024-12-10 17:16:20,041 [INFO] CheckServerUpdateThread:120 - End of CheckServer Thread
2024-12-10 17:16:20,812 [INFO] WebApp:168 - Instantiating new browser for Auth
2024-12-10 17:16:22,864 [WARN] PackLoader:240 - Cannot read IP mode file for STMicroelectronics.FP-SNS-MOTENVWB1.1.4.0
2024-12-10 17:16:22,880 [WARN] PackLoader:240 - Cannot read IP mode file for STMicroelectronics.FP-ATR-ASTRA1.2.0.1
2024-12-10 17:16:23,005 [WARN] PackLoader:240 - Cannot read IP mode file for STMicroelectronics.X-CUBE-SMBUS.2.1.0
2024-12-10 17:16:23,021 [WARN] PackLoader:240 - Cannot read IP mode file for STMicroelectronics.X-CUBE-WB05N.1.1.0
2024-12-10 17:16:23,036 [WARN] PackLoader:240 - Cannot read IP mode file for STMicroelectronics.X-CUBE-AZRTOS-F7.1.1.0
2024-12-10 17:16:23,083 [WARN] PackLoader:240 - Cannot read IP mode file for STMicroelectronics.X-CUBE-MEMS1.11.0.0
2024-12-10 17:16:23,217 [WARN] PackLoader:240 - Cannot read IP mode file for STMicroelectronics.FP-SNS-FLIGHT1.5.0.2
2024-12-10 17:16:23,264 [WARN] PackLoader:240 - Cannot read IP mode file for STMicroelectronics.X-CUBE-DISPLAY.3.0.0
2024-12-10 17:16:23,274 [WARN] PackLoader:240 - Cannot read IP mode file for STMicroelectronics.X-CUBE-BLE1.7.0.0
2024-12-10 17:16:23,281 [WARN] PackLoader:240 - Cannot read IP mode file for STMicroelectronics.X-CUBE-NFC10.1.0.0
2024-12-10 17:16:23,291 [WARN] PackLoader:240 - Cannot read IP mode file for STMicroelectronics.X-CUBE-BLEMGR.4.0.0
2024-12-10 17:16:23,291 [WARN] PackLoader:240 - Cannot read IP mode file for emotas.I-CUBE-CANOPEN.1.3.0
2024-12-10 17:16:23,307 [WARN] PackLoader:240 - Cannot read IP mode file for STMicroelectronics.X-CUBE-BLEMGR.3.1.0
2024-12-10 17:16:23,314 [WARN] PackLoader:240 - Cannot read IP mode file for STMicroelectronics.FP-SNS-SMARTAG2.1.2.0
2024-12-10 17:16:23,467 [INFO] WebApp:449 - Apply proxy settings
2024-12-10 17:16:23,468 [INFO] WebApp:534 - Chromium requires no authentication
2024-12-10 17:16:23,470 [INFO] WebApp:477 - Direct internet connection detected
2024-12-10 17:16:23,501 [INFO] WebApp:880 - Register for checkConnection events
2024-12-10 17:16:23,501 [INFO] WebApp:449 - Apply proxy settings
2024-12-10 17:16:23,501 [INFO] WebApp:534 - Chromium requires no authentication
2024-12-10 17:16:23,502 [INFO] WebApp:477 - Direct internet connection detected
2024-12-10 17:16:23,556 [INFO] LogOutputStream:77 - [STDOUT_REDIRECT] 1 : Invalid condition id : UX_CORESTACK_Condition cause : null
2024-12-10 17:16:23,557 [INFO] LogOutputStream:77 - [STDOUT_REDIRECT] 1 : Invalid condition id : UX_CORESTACK_Condition cause : null
2024-12-10 17:16:23,557 [INFO] LogOutputStream:77 - [STDOUT_REDIRECT] 1 : Invalid condition id : UX_CORESTACK_Condition cause : null
2024-12-10 17:16:23,558 [INFO] LogOutputStream:77 - [STDOUT_REDIRECT] 1 : Invalid condition id : UX_CORESTACK_Condition cause : null
2024-12-10 17:16:23,559 [INFO] LogOutputStream:77 - [STDOUT_REDIRECT] 1 : Invalid condition id : UX_CORESTACK_Condition cause : null
2024-12-10 17:16:23,562 [WARN] PackLoader:240 - Cannot read IP mode file for STMicroelectronics.X-CUBE-AZRTOS-WL.2.0.0
2024-12-10 17:16:23,567 [WARN] PackLoader:240 - Cannot read IP mode file for STMicroelectronics.FP-SNS-MOTENV1.5.0.0
2024-12-10 17:16:23,571 [WARN] PackLoader:240 - Cannot read IP mode file for wolfSSL.I-CUBE-wolfMQTT.1.19.0
2024-12-10 17:16:23,577 [WARN] PackLoader:240 - Cannot read IP mode file for WES.I-CUBE-Cesium.1.3.0
2024-12-10 17:16:23,580 [WARN] PackLoader:240 - Cannot read IP mode file for STMicroelectronics.X-CUBE-BLE2.3.3.0
2024-12-10 17:16:23,584 [WARN] PackLoader:240 - Cannot read IP mode file for STMicroelectronics.X-CUBE-NFC9.1.0.0
2024-12-10 17:16:23,588 [WARN] PackLoader:240 - Cannot read IP mode file for STMicroelectronics.X-CUBE-TCPP.4.1.0
2024-12-10 17:16:23,599 [WARN] PackLoader:240 - Cannot read IP mode file for STMicroelectronics.X-CUBE-AZRTOS-G0.1.1.0
2024-12-10 17:16:23,676 [INFO] WebApp:221 - Starting web application
2024-12-10 17:16:23,677 [INFO] WebApp:579 - Web application path used C:\ST\STM32CubeIDE_1.11.0\STM32CubeIDE\plugins\com.st.stm32cube.common.mx_6.13.0.202411220809\db\plugins\mcufinder\reactClient1\index.html
2024-12-10 17:16:23,713 [WARN] PackLoader:240 - Cannot read IP mode file for STMicroelectronics.X-CUBE-SAFEA1.1.2.2
2024-12-10 17:16:23,717 [WARN] PackLoader:240 - Cannot read IP mode file for STMicroelectronics.X-CUBE-NFC4.3.0.0
2024-12-10 17:16:23,852 [WARN] PackLoader:240 - Cannot read IP mode file for EmbeddedOffice.I-CUBE-FS-RTOS.1.0.1
2024-12-10 17:16:24,000 [WARN] PackLoader:240 - Cannot read IP mode file for RealThread.X-CUBE-RT-Thread_Nano.4.1.1
2024-12-10 17:16:24,016 [WARN] PackLoader:240 - Cannot read IP mode file for STMicroelectronics.FP-ATR-SIGFOX1.3.2.0
2024-12-10 17:16:24,016 [WARN] PackLoader:240 - Cannot read IP mode file for wolfSSL.I-CUBE-wolfSSL.5.7.2
2024-12-10 17:16:24,016 [WARN] ConditionMgr:438 - getConditionDescription Invalid condition id : Cortex-A Device cause : null
2024-12-10 17:16:24,312 [WARN] ConditionMgr:1044 - genDependencies : Invalid condition id : Cortex-A Device cause : null
2024-12-10 17:16:24,312 [WARN] ConditionMgr:1044 - genDependencies : Invalid condition id : Cortex-A Device cause : null
2024-12-10 17:16:24,312 [WARN] ConditionMgr:1044 - genDependencies : Invalid condition id : Cortex-A Device cause : null
2024-12-10 17:16:24,327 [WARN] PackLoader:240 - Cannot read IP mode file for STMicroelectronics.X-CUBE-EEPRMA1.5.1.0
2024-12-10 17:16:24,327 [WARN] PackLoader:240 - Cannot read IP mode file for ITTIA_DB.I-CUBE-ITTIADB.8.9.0
2024-12-10 17:16:24,343 [WARN] PackLoader:240 - Cannot read IP mode file for SEGGER.I-CUBE-embOS.1.3.1
2024-12-10 17:16:24,390 [WARN] PackLoader:240 - Cannot read IP mode file for STMicroelectronics.X-CUBE-ALGOBUILD.1.4.0
2024-12-10 17:16:24,390 [WARN] PackLoader:240 - Cannot read IP mode file for STMicroelectronics.X-CUBE-AI.9.1.0
2024-12-10 17:16:24,406 [WARN] PackLoader:240 - Cannot read IP mode file for STMicroelectronics.X-CUBE-AZRTOS-F4.1.1.0
2024-12-10 17:16:24,600 [WARN] PackLoader:240 - Cannot read IP mode file for STMicroelectronics.X-CUBE-ISPU.2.1.0
2024-12-10 17:16:24,663 [WARN] PackLoader:240 - Cannot read IP mode file for STMicroelectronics.X-CUBE-FREERTOS.1.2.0
2024-12-10 17:16:24,678 [WARN] PackLoader:240 - Cannot read IP mode file for STMicroelectronics.X-CUBE-AZRTOS-L5.2.0.0
2024-12-10 17:16:24,678 [WARN] PackLoader:240 - Cannot read IP mode file for STMicroelectronics.X-CUBE-NFC6.3.1.0
2024-12-10 17:16:24,678 [WARN] PackLoader:240 - Cannot read IP mode file for STMicroelectronics.X-CUBE-DPower.1.2.0
2024-12-10 17:16:24,694 [WARN] PackLoader:240 - Cannot read IP mode file for STMicroelectronics.X-CUBE-NFC7.1.0.1
2024-12-10 17:16:24,757 [WARN] ConditionMgr:438 - getConditionDescription Invalid condition id : LAN8742 Phy interface Condition cause : null
2024-12-10 17:16:24,757 [WARN] PackLoader:240 - Cannot read IP mode file for STMicroelectronics.X-CUBE-AZRTOS-L4.2.0.0
2024-12-10 17:16:24,757 [WARN] ConditionMgr:1044 - genDependencies : Invalid condition id : LAN8742 Phy interface Condition cause : null
2024-12-10 17:16:24,757 [WARN] ConditionMgr:1044 - genDependencies : Invalid condition id : LAN8742 Phy interface Condition cause : null
2024-12-10 17:16:24,757 [WARN] ConditionMgr:1044 - genDependencies : Invalid condition id : LAN8742 Phy interface Condition cause : null
2024-12-10 17:16:24,772 [WARN] PackLoader:240 - Cannot read IP mode file for STMicroelectronics.X-CUBE-SFXS2LP1.4.0.0
2024-12-10 17:16:24,772 [WARN] PackLoader:240 - Cannot read IP mode file for STMicroelectronics.X-CUBE-AZRTOS-H7.3.3.0
2024-12-10 17:16:24,787 [WARN] PackLoader:240 - Cannot read IP mode file for STMicroelectronics.X-CUBE-IPS.3.0.0
2024-12-10 17:16:24,803 [WARN] ConditionMgr:438 - getConditionDescription Invalid condition id : UX DEVICE CLASS RTOS Condition cause : null
2024-12-10 17:16:24,803 [WARN] ConditionMgr:438 - getConditionDescription Invalid condition id : UX DEVICE CLASS RTOS Condition cause : null
2024-12-10 17:16:24,803 [WARN] PackLoader:240 - Cannot read IP mode file for STMicroelectronics.X-CUBE-AZRTOS-WB.2.0.0
2024-12-10 17:16:24,803 [WARN] ConditionMgr:1044 - genDependencies : Invalid condition id : UX DEVICE CLASS RTOS Condition cause : null
2024-12-10 17:16:24,803 [WARN] ConditionMgr:1044 - genDependencies : Invalid condition id : UX DEVICE CLASS RTOS Condition cause : null
2024-12-10 17:16:24,803 [WARN] ConditionMgr:1044 - genDependencies : Invalid condition id : UX DEVICE CLASS RTOS Condition cause : null
2024-12-10 17:16:24,803 [WARN] ConditionMgr:1044 - genDependencies : Invalid condition id : UX DEVICE CLASS RTOS Condition cause : null
2024-12-10 17:16:24,803 [WARN] ConditionMgr:1044 - genDependencies : Invalid condition id : UX DEVICE CLASS RTOS Condition cause : null
2024-12-10 17:16:24,803 [WARN] PackLoader:240 - Cannot read IP mode file for STMicroelectronics.X-CUBE-GNSS1.7.0.0
2024-12-10 17:16:24,881 [WARN] PackLoader:240 - Cannot read IP mode file for STMicroelectronics.FP-SNS-STBOX1.2.0.0
2024-12-10 17:16:25,100 [WARN] PackLoader:240 - Cannot read IP mode file for STMicroelectronics.X-CUBE-SUBG2.5.0.0
2024-12-10 17:16:25,116 [WARN] PackLoader:240 - Cannot read IP mode file for Cesanta.I-CUBE-Mongoose.7.13.0
2024-12-10 17:16:25,131 [WARN] PackLoader:240 - Cannot read IP mode file for STMicroelectronics.X-CUBE-AZRTOS-G4.2.0.0
2024-12-10 17:16:25,131 [WARN] PackLoader:240 - Cannot read IP mode file for STMicroelectronics.X-CUBE-ALS.1.0.2
2024-12-10 17:16:25,131 [WARN] PackLoader:240 - Cannot read IP mode file for STMicroelectronics.X-CUBE-TOUCHGFX.4.24.1
2024-12-10 17:16:25,164 [WARN] PackLoader:240 - Cannot read IP mode file for wolfSSL.I-CUBE-wolfTPM.3.4.0
2024-12-10 17:16:25,305 [WARN] PackLoader:240 - Cannot read IP mode file for portGmbH.I-Cube-SoM-uGOAL.1.1.0
2024-12-10 17:16:25,416 [WARN] PackLoader:240 - Cannot read IP mode file for STMicroelectronics.X-CUBE-AZRTOS-H7RS.1.0.0
2024-12-10 17:16:25,424 [WARN] PackLoader:240 - Cannot read IP mode file for STMicroelectronics.FP-ATR-ASTRA1.2.0.0
2024-12-10 17:16:25,430 [WARN] PackLoader:240 - Cannot read IP mode file for STMicroelectronics.X-CUBE-TOF1.3.4.2
2024-12-10 17:16:25,445 [WARN] PackLoader:240 - Cannot read IP mode file for Infineon.AIROC-Wi-Fi-Bluetooth-STM32.1.6.1
2024-12-10 17:16:25,464 [WARN] PackLoader:240 - Cannot read IP mode file for wolfSSL.I-CUBE-wolfSSH.1.4.17
2024-12-10 17:16:25,465 [INFO] ThirdParty:978 - Integrity check success = true
2024-12-10 17:16:25,465 [INFO] IntegrityCheckThread:100 - exiting critical section [integrity check]
2024-12-10 17:16:25,465 [INFO] IntegrityCheckThread:103 - End integrity checks thread
2024-12-10 17:16:26,276 [ERROR] LogOutputStream:75 - [STDERR_REDIRECT] 
2024-12-10 17:16:26,276 [ERROR] LogOutputStream:75 - [STDERR_REDIRECT] 
